<?xml version="1.0" encoding="UTF-8"?>
<testng-results ignored="0" total="1" passed="1" failed="0" skipped="0">
  <reporter-output>
  </reporter-output>
  <suite started-at="2023-07-15T13:15:32 IST" name="Default suite" finished-at="2023-07-15T13:16:25 IST" duration-ms="52938">
    <groups>
    </groups>
    <test started-at="2023-07-15T13:15:32 IST" name="Default test" finished-at="2023-07-15T13:16:25 IST" duration-ms="52938">
      <class name="forgetPass">
        <test-method signature="login()[pri:0, instance:forgetPass@4b0d79fc]" started-at="2023-07-15T13:15:32 IST" name="login" finished-at="2023-07-15T13:16:25 IST" duration-ms="52858" status="PASS">
          <reporter-output>
          </reporter-output>
        </test-method> <!-- login -->
      </class> <!-- forgetPass -->
    </test> <!-- Default test -->
  </suite> <!-- Default suite -->
</testng-results>
